<?xml version="1.0" encoding="UTF-8"?>
<testng-results ignored="2" total="3" passed="1" failed="0" skipped="0">
  <reporter-output>
  </reporter-output>
  <suite started-at="2021-09-22T08:08:26Z" name="Default suite" finished-at="2021-09-22T08:08:26Z" duration-ms="53">
    <groups>
    </groups>
    <test started-at="2021-09-22T08:08:26Z" name="Default test" finished-at="2021-09-22T08:08:26Z" duration-ms="53">
      <class name="Com.ComOrg.OrgTest">
        <test-method signature="deleteOrgTest()[pri:0, instance:Com.ComOrg.OrgTest@6239aba6]" started-at="2021-09-22T08:08:26Z" name="deleteOrgTest" finished-at="2021-09-22T08:08:26Z" duration-ms="15" status="PASS">
          <reporter-output>
          </reporter-output>
        </test-method> <!-- deleteOrgTest -->
      </class> <!-- Com.ComOrg.OrgTest -->
    </test> <!-- Default test -->
  </suite> <!-- Default suite -->
</testng-results>
