<?xml version="1.0" encoding="UTF-8"?>
<!-- Generated by org.testng.reporters.JUnitXMLReporter -->
<testsuite ignored="2" hostname="DESKTOP-B5H5CVQ" failures="0" tests="1" name="Default test" time="0.053" errors="0" timestamp="22 Sep 2021 08:08:26 GMT">
  <testcase classname="Com.ComOrg.OrgTest" name="deleteOrgTest" time="0.015"/>
  <testcase classname="Com.ComOrg.OrgTest" name="createOrgWithLesdTest" time="0.0">
    <ignored/>
  </testcase> <!-- createOrgWithLesdTest -->
  <testcase classname="Com.ComOrg.OrgTest" name="createOrgTest" time="0.0">
    <ignored/>
  </testcase> <!-- createOrgTest -->
</testsuite> <!-- Default test -->
